\BOOKMARK [0][-]{part.1}{I APIUS.py - L'[Please insert \134PrerenderUnicode\173é\175 into preamble]tat du Python }{}% 1
\BOOKMARK [1][-]{section.1}{L'histoire de Python}{part.1}% 2
\BOOKMARK [2][-]{subsection.1.1}{La d\351finition officielle}{section.1}% 3
\BOOKMARK [2][-]{subsection.1.2}{Qu'est-ce que \347a veut dire ?}{section.1}% 4
\BOOKMARK [2][-]{subsection.1.3}{Comment Python \351volue}{section.1}% 5
\BOOKMARK [2][-]{subsection.1.4}{Qu'est-ce qu'un PEP}{section.1}% 6
\BOOKMARK [2][-]{subsection.1.5}{Est-ce que les PEP sont courant ?}{section.1}% 7
\BOOKMARK [2][-]{subsection.1.6}{pep-0020: Le Zen de Python}{section.1}% 8
\BOOKMARK [2][-]{subsection.1.7}{En r\351sum\351}{section.1}% 9
\BOOKMARK [2][-]{subsection.1.8}{Guido van Rossum}{section.1}% 10
\BOOKMARK [2][-]{subsection.1.9}{Qui Guido ?}{section.1}% 11
\BOOKMARK [2][-]{subsection.1.10}{L'\342ge pr\351historique}{section.1}% 12
\BOOKMARK [2][-]{subsection.1.11}{Les temps modernes}{section.1}% 13
\BOOKMARK [2][-]{subsection.1.12}{La p\351riode contemporaine}{section.1}% 14
\BOOKMARK [2][-]{subsection.1.13}{Pourquoi migrer \340 Python 3}{section.1}% 15
\BOOKMARK [1][-]{section.2}{Unicode !!!}{part.1}% 16
\BOOKMARK [2][-]{subsection.2.1}{Comment va le passage \340 Python 3}{section.2}% 17
\BOOKMARK [2][-]{subsection.2.2}{\311volution de la taille de librairie standard}{section.2}% 18
\BOOKMARK [2][-]{subsection.2.3}{Concr\350tement \347a donne ? \(merci matplotlib\)}{section.2}% 19
\BOOKMARK [2][-]{subsection.2.4}{La post-histoire}{section.2}% 20
\BOOKMARK [1][-]{section.3}{La Communaut\351}{part.1}% 21
\BOOKMARK [2][-]{subsection.3.1}{La Python Software Foundation}{section.3}% 22
\BOOKMARK [2][-]{subsection.3.2}{Les groupes d'usagers}{section.3}% 23
\BOOKMARK [2][-]{subsection.3.3}{PyCon au travers le monde}{section.3}% 24
\BOOKMARK [1][-]{section.4}{Python dans le futur}{part.1}% 25
\BOOKMARK [2][-]{subsubsection*.1}{twitter: @mlhamel}{section.4}% 26
\BOOKMARK [3][-]{subsubsection*.2}{courriel: mathieu@mtlpy.org}{subsubsection*.1}% 27
